TN:
SF:app.js
FN:30,(anonymous_0)
FN:38,(anonymous_1)
FNF:2
FNH:0
FNDA:0,(anonymous_0)
FNDA:0,(anonymous_1)
DA:1,3
DA:2,3
DA:3,3
DA:4,3
DA:5,3
DA:6,3
DA:7,3
DA:8,3
DA:9,3
DA:12,3
DA:15,3
DA:16,3
DA:17,3
DA:19,3
DA:20,3
DA:21,3
DA:22,3
DA:25,3
DA:30,3
DA:31,0
DA:33,0
DA:38,3
DA:39,0
DA:40,0
DA:41,0
DA:48,3
LF:26
LH:21
BRDA:39,0,0,0
BRDA:39,0,1,0
BRF:2
BRH:0
end_of_record
TN:
SF:db.js
FNF:0
FNH:0
DA:1,3
DA:5,3
DA:6,3
DA:8,0
DA:11,3
DA:15,3
DA:17,3
LF:7
LH:6
BRDA:5,0,0,3
BRDA:5,0,1,0
BRF:2
BRH:1
end_of_record
TN:
SF:helpers/expressError.js
FN:2,(anonymous_0)
FNF:1
FNH:0
FNDA:0,(anonymous_0)
DA:3,0
DA:4,0
DA:5,0
DA:6,0
DA:10,3
LF:5
LH:1
BRF:0
BRH:0
end_of_record
TN:
SF:models/Albums.js
FN:7,(anonymous_0)
FN:27,(anonymous_1)
FN:41,(anonymous_2)
FNF:3
FNH:2
FNDA:1,(anonymous_0)
FNDA:1,(anonymous_1)
FNDA:0,(anonymous_2)
DA:1,3
DA:2,3
DA:9,1
DA:13,1
DA:14,0
DA:17,1
DA:23,1
DA:28,1
DA:31,1
DA:36,1
DA:38,1
DA:42,0
DA:44,0
DA:46,0
DA:48,0
DA:53,3
LF:16
LH:11
BRDA:13,0,0,0
BRDA:13,0,1,1
BRF:2
BRH:1
end_of_record
TN:
SF:models/Artists.js
FN:6,(anonymous_0)
FN:25,(anonymous_1)
FN:34,(anonymous_2)
FN:45,(anonymous_3)
FN:59,(anonymous_4)
FNF:5
FNH:5
FNDA:3,(anonymous_0)
FNDA:1,(anonymous_1)
FNDA:1,(anonymous_2)
FNDA:1,(anonymous_3)
FNDA:2,(anonymous_4)
DA:1,3
DA:2,3
DA:7,3
DA:11,3
DA:12,0
DA:15,3
DA:20,3
DA:21,3
DA:26,1
DA:30,1
DA:31,1
DA:35,1
DA:37,1
DA:39,1
DA:41,1
DA:46,1
DA:54,1
DA:55,1
DA:60,2
DA:61,2
DA:67,2
DA:68,2
DA:72,3
LF:23
LH:22
BRDA:11,0,0,0
BRDA:11,0,1,3
BRF:2
BRH:1
end_of_record
TN:
SF:models/Tracks.js
FN:6,(anonymous_0)
FN:30,(anonymous_1)
FN:44,(anonymous_2)
FN:60,(anonymous_3)
FN:74,(anonymous_4)
FN:96,(anonymous_5)
FN:108,(anonymous_6)
FN:123,(anonymous_7)
FNF:8
FNH:6
FNDA:1,(anonymous_0)
FNDA:2,(anonymous_1)
FNDA:2,(anonymous_2)
FNDA:2,(anonymous_3)
FNDA:1,(anonymous_4)
FNDA:0,(anonymous_5)
FNDA:1,(anonymous_6)
FNDA:0,(anonymous_7)
DA:1,3
DA:2,3
DA:7,1
DA:8,1
DA:16,1
DA:18,1
DA:31,2
DA:32,2
DA:38,2
DA:40,2
DA:45,2
DA:47,2
DA:49,2
DA:51,2
DA:52,0
DA:53,2
DA:54,1
DA:56,1
DA:61,2
DA:63,2
DA:65,2
DA:67,2
DA:68,1
DA:70,1
DA:75,1
DA:76,1
DA:79,1
DA:80,1
DA:81,0
DA:83,1
DA:85,1
DA:90,1
DA:92,1
DA:97,0
DA:98,0
DA:100,0
DA:105,0
DA:109,1
DA:110,1
DA:112,1
DA:116,1
DA:117,1
DA:119,0
DA:124,0
DA:126,0
DA:128,0
DA:130,0
DA:137,3
LF:48
LH:37
BRDA:51,0,0,0
BRDA:51,0,1,2
BRDA:53,1,0,1
BRDA:53,1,1,1
BRDA:67,2,0,1
BRDA:67,2,1,1
BRDA:80,3,0,0
BRDA:80,3,1,1
BRDA:116,4,0,1
BRDA:116,4,1,0
BRF:10
BRH:7
end_of_record
TN:
SF:models/Translation.js
FN:6,(anonymous_0)
FN:30,(anonymous_1)
FNF:2
FNH:0
FNDA:0,(anonymous_0)
FNDA:0,(anonymous_1)
DA:1,3
DA:2,3
DA:8,0
DA:9,0
DA:11,0
DA:16,0
DA:17,0
DA:20,0
DA:26,0
DA:32,0
DA:33,0
DA:35,0
DA:38,0
DA:40,0
DA:41,0
DA:43,0
DA:49,3
LF:17
LH:3
BRDA:16,0,0,0
BRDA:16,0,1,0
BRDA:40,1,0,0
BRDA:40,1,1,0
BRF:4
BRH:0
end_of_record
TN:
SF:routes/album.js
FN:8,(anonymous_0)
FN:23,(anonymous_1)
FN:31,(anonymous_2)
FN:44,(anonymous_3)
FNF:4
FNH:2
FNDA:1,(anonymous_0)
FNDA:1,(anonymous_1)
FNDA:0,(anonymous_2)
FNDA:0,(anonymous_3)
DA:1,3
DA:2,3
DA:3,3
DA:4,3
DA:5,3
DA:6,3
DA:8,3
DA:9,1
DA:10,1
DA:11,1
DA:12,1
DA:13,1
DA:15,1
DA:16,1
DA:17,1
DA:19,0
DA:23,3
DA:24,1
DA:25,1
DA:26,1
DA:27,1
DA:29,1
DA:30,0
DA:31,0
DA:34,1
DA:35,1
DA:36,1
DA:39,0
DA:44,3
DA:45,0
DA:46,0
DA:47,0
DA:49,0
DA:50,0
DA:51,0
DA:54,0
DA:58,3
LF:37
LH:26
BRDA:29,0,0,0
BRDA:29,0,1,1
BRF:2
BRH:1
end_of_record
TN:
SF:routes/artist.js
FN:9,(anonymous_0)
FN:36,(anonymous_1)
FN:42,(anonymous_2)
FN:54,(anonymous_3)
FNF:4
FNH:3
FNDA:4,(anonymous_0)
FNDA:3,(anonymous_1)
FNDA:0,(anonymous_2)
FNDA:1,(anonymous_3)
DA:1,3
DA:2,3
DA:3,3
DA:4,3
DA:5,3
DA:6,3
DA:9,3
DA:10,4
DA:11,4
DA:13,4
DA:14,1
DA:15,1
DA:16,1
DA:17,3
DA:18,1
DA:19,1
DA:20,1
DA:21,2
DA:22,2
DA:23,2
DA:24,2
DA:25,2
DA:32,0
DA:36,3
DA:37,3
DA:38,3
DA:39,3
DA:41,3
DA:42,0
DA:45,3
DA:46,3
DA:47,3
DA:50,0
DA:54,3
DA:55,1
DA:56,1
DA:57,1
DA:59,1
DA:60,1
DA:61,1
DA:64,0
DA:68,3
LF:42
LH:38
BRDA:13,0,0,1
BRDA:13,0,1,3
BRDA:17,1,0,1
BRDA:17,1,1,2
BRDA:21,2,0,2
BRDA:21,2,1,0
BRDA:41,3,0,0
BRDA:41,3,1,3
BRF:8
BRH:6
end_of_record
TN:
SF:routes/ibm.js
FN:17,(anonymous_0)
FNF:1
FNH:0
FNDA:0,(anonymous_0)
DA:1,3
DA:2,3
DA:3,3
DA:4,3
DA:5,3
DA:6,3
DA:7,3
DA:9,3
DA:17,3
DA:18,0
DA:20,0
DA:21,0
DA:22,0
DA:23,0
DA:28,0
DA:29,0
DA:32,0
DA:33,0
DA:37,0
DA:38,0
DA:45,3
LF:21
LH:10
BRDA:20,0,0,0
BRDA:20,0,1,0
BRF:2
BRH:0
end_of_record
TN:
SF:routes/testing.config.js
FN:9,beforeEachHook
FN:63,afterEachHook
FN:74,afterAllHook
FNF:3
FNH:3
FNDA:16,beforeEachHook
FNDA:16,afterEachHook
FNDA:3,afterAllHook
DA:1,3
DA:2,3
DA:3,3
DA:4,3
DA:10,16
DA:13,16
DA:19,16
DA:25,16
DA:31,16
DA:37,16
DA:43,16
DA:49,16
DA:54,16
DA:59,0
DA:64,16
DA:65,16
DA:66,16
DA:67,16
DA:70,0
DA:75,3
DA:76,3
DA:78,0
DA:82,3
LF:23
LH:20
BRF:0
BRH:0
end_of_record
TN:
SF:routes/track.js
FN:9,(anonymous_0)
FN:47,(anonymous_1)
FN:54,(anonymous_2)
FN:65,(anonymous_3)
FN:77,(anonymous_4)
FNF:5
FNH:2
FNDA:8,(anonymous_0)
FNDA:1,(anonymous_1)
FNDA:0,(anonymous_2)
FNDA:0,(anonymous_3)
FNDA:0,(anonymous_4)
DA:1,3
DA:2,3
DA:3,3
DA:4,3
DA:5,3
DA:6,3
DA:9,3
DA:10,8
DA:11,8
DA:13,8
DA:14,1
DA:15,1
DA:16,1
DA:18,7
DA:19,2
DA:20,2
DA:21,2
DA:23,5
DA:24,1
DA:25,1
DA:26,1
DA:28,4
DA:29,2
DA:30,2
DA:31,2
DA:33,2
DA:34,2
DA:35,2
DA:36,2
DA:40,0
DA:47,3
DA:49,1
DA:50,1
DA:51,1
DA:53,1
DA:54,0
DA:57,1
DA:58,1
DA:59,1
DA:61,0
DA:65,3
DA:67,0
DA:68,0
DA:69,0
DA:70,0
DA:71,0
DA:73,0
DA:77,3
DA:78,0
DA:79,0
DA:80,0
DA:82,0
DA:83,0
DA:84,0
DA:87,0
DA:92,3
LF:56
LH:40
BRDA:13,0,0,1
BRDA:13,0,1,7
BRDA:18,1,0,2
BRDA:18,1,1,5
BRDA:23,2,0,1
BRDA:23,2,1,4
BRDA:28,3,0,2
BRDA:28,3,1,2
BRDA:33,4,0,2
BRDA:33,4,1,0
BRDA:53,5,0,0
BRDA:53,5,1,1
BRF:12
BRH:10
end_of_record
TN:
SF:routes/translation.js
FN:7,(anonymous_0)
FN:22,(anonymous_1)
FNF:2
FNH:0
FNDA:0,(anonymous_0)
FNDA:0,(anonymous_1)
DA:1,3
DA:2,3
DA:3,3
DA:4,3
DA:7,3
DA:8,0
DA:9,0
DA:12,0
DA:13,0
DA:14,0
DA:18,0
DA:22,3
DA:23,0
DA:24,0
DA:26,0
DA:27,0
DA:28,0
DA:31,0
DA:35,3
LF:19
LH:7
BRF:0
BRH:0
end_of_record
